{"C:\\Users\\harry\\OneDrive\\Escritorio\\proyecto\\Operaciones_basicas\\Matematicas.js": {"path":"C:\\Users\\harry\\OneDrive\\Escritorio\\proyecto\\Operaciones_basicas\\Matematicas.js","statementMap":{"0":{"start":{"line":2,"column":15},"end":{"line":2,"column":20}},"1":{"start":{"line":3,"column":16},"end":{"line":3,"column":21}},"2":{"start":{"line":4,"column":25},"end":{"line":4,"column":30}},"3":{"start":{"line":5,"column":19},"end":{"line":5,"column":24}},"4":{"start":{"line":7,"column":4},"end":{"line":12,"column":6}},"5":{"start":{"line":16,"column":15},"end":{"line":16,"column":38}},"6":{"start":{"line":17,"column":20},"end":{"line":17,"column":39}},"7":{"start":{"line":19,"column":4},"end":{"line":22,"column":6}},"8":{"start":{"line":26,"column":15},"end":{"line":26,"column":34}},"9":{"start":{"line":27,"column":20},"end":{"line":27,"column":28}},"10":{"start":{"line":29,"column":4},"end":{"line":32,"column":6}},"11":{"start":{"line":36,"column":15},"end":{"line":36,"column":28}},"12":{"start":{"line":37,"column":20},"end":{"line":37,"column":39}},"13":{"start":{"line":39,"column":4},"end":{"line":42,"column":6}},"14":{"start":{"line":45,"column":0},"end":{"line":45,"column":72}}},"fnMap":{"0":{"name":"operacionesBasicas","decl":{"start":{"line":1,"column":9},"end":{"line":1,"column":27}},"loc":{"start":{"line":1,"column":34},"end":{"line":13,"column":1}},"line":1},"1":{"name":"circulo","decl":{"start":{"line":15,"column":9},"end":{"line":15,"column":16}},"loc":{"start":{"line":15,"column":24},"end":{"line":23,"column":1}},"line":15},"2":{"name":"triangulo","decl":{"start":{"line":25,"column":9},"end":{"line":25,"column":18}},"loc":{"start":{"line":25,"column":33},"end":{"line":33,"column":1}},"line":25},"3":{"name":"rectangulo","decl":{"start":{"line":35,"column":9},"end":{"line":35,"column":19}},"loc":{"start":{"line":35,"column":34},"end":{"line":43,"column":1}},"line":35}},"branchMap":{},"s":{"0":10,"1":10,"2":10,"3":10,"4":10,"5":1,"6":1,"7":1,"8":1,"9":1,"10":1,"11":1,"12":1,"13":1,"14":1},"f":{"0":10,"1":1,"2":1,"3":1},"b":{},"_coverageSchema":"1a1c01bbd47fc00a2c39e90264f33305004495a9","hash":"591c62e6959f9f99adc1a7db58fc9046393689bc"}
}
